Performing C SOURCE FILE Test CMAKE_HAVE_LIBC_PTHREAD failed with the following output:
Change Dir: /home/lavleshm/Simulator-MapleSat/cmake-build-debug/CMakeFiles/CMakeTmp

Run Build Command(s):/usr/bin/make cmTC_eb87e/fast && /usr/bin/make -f CMakeFiles/cmTC_eb87e.dir/build.make CMakeFiles/cmTC_eb87e.dir/build
make[1]: Entering directory '/home/lavleshm/Simulator-MapleSat/cmake-build-debug/CMakeFiles/CMakeTmp'
Building C object CMakeFiles/cmTC_eb87e.dir/src.c.o
/usr/bin/gcc   -DCMAKE_HAVE_LIBC_PTHREAD   -o CMakeFiles/cmTC_eb87e.dir/src.c.o   -c /home/lavleshm/Simulator-MapleSat/cmake-build-debug/CMakeFiles/CMakeTmp/src.c
Linking C executable cmTC_eb87e
/home/lavleshm/.local/share/JetBrains/Toolbox/apps/CLion/ch-0/193.6494.38/bin/cmake/linux/bin/cmake -E cmake_link_script CMakeFiles/cmTC_eb87e.dir/link.txt --verbose=1
/usr/bin/gcc  -DCMAKE_HAVE_LIBC_PTHREAD    -rdynamic CMakeFiles/cmTC_eb87e.dir/src.c.o  -o cmTC_eb87e 
/usr/bin/ld: CMakeFiles/cmTC_eb87e.dir/src.c.o: in function `main':
src.c:(.text+0x46): undefined reference to `pthread_create'
/usr/bin/ld: src.c:(.text+0x52): undefined reference to `pthread_detach'
/usr/bin/ld: src.c:(.text+0x63): undefined reference to `pthread_join'
collect2: error: ld returned 1 exit status
make[1]: *** [CMakeFiles/cmTC_eb87e.dir/build.make:87: cmTC_eb87e] Error 1
make[1]: Leaving directory '/home/lavleshm/Simulator-MapleSat/cmake-build-debug/CMakeFiles/CMakeTmp'
make: *** [Makefile:121: cmTC_eb87e/fast] Error 2


Source file was:
#include <pthread.h>

void* test_func(void* data)
{
  return data;
}

int main(void)
{
  pthread_t thread;
  pthread_create(&thread, NULL, test_func, NULL);
  pthread_detach(thread);
  pthread_join(thread, NULL);
  pthread_atfork(NULL, NULL, NULL);
  pthread_exit(NULL);

  return 0;
}

Determining if the function pthread_create exists in the pthreads failed with the following output:
Change Dir: /home/lavleshm/Simulator-MapleSat/cmake-build-debug/CMakeFiles/CMakeTmp

Run Build Command(s):/usr/bin/make cmTC_cafa8/fast && /usr/bin/make -f CMakeFiles/cmTC_cafa8.dir/build.make CMakeFiles/cmTC_cafa8.dir/build
make[1]: Entering directory '/home/lavleshm/Simulator-MapleSat/cmake-build-debug/CMakeFiles/CMakeTmp'
Building C object CMakeFiles/cmTC_cafa8.dir/CheckFunctionExists.c.o
/usr/bin/gcc   -DCHECK_FUNCTION_EXISTS=pthread_create   -o CMakeFiles/cmTC_cafa8.dir/CheckFunctionExists.c.o   -c /home/lavleshm/.local/share/JetBrains/Toolbox/apps/CLion/ch-0/193.6494.38/bin/cmake/linux/share/cmake-3.15/Modules/CheckFunctionExists.c
Linking C executable cmTC_cafa8
/home/lavleshm/.local/share/JetBrains/Toolbox/apps/CLion/ch-0/193.6494.38/bin/cmake/linux/bin/cmake -E cmake_link_script CMakeFiles/cmTC_cafa8.dir/link.txt --verbose=1
/usr/bin/gcc  -DCHECK_FUNCTION_EXISTS=pthread_create    -rdynamic CMakeFiles/cmTC_cafa8.dir/CheckFunctionExists.c.o  -o cmTC_cafa8 -lpthreads 
/usr/bin/ld: cannot find -lpthreads
collect2: error: ld returned 1 exit status
make[1]: *** [CMakeFiles/cmTC_cafa8.dir/build.make:87: cmTC_cafa8] Error 1
make[1]: Leaving directory '/home/lavleshm/Simulator-MapleSat/cmake-build-debug/CMakeFiles/CMakeTmp'
make: *** [Makefile:121: cmTC_cafa8/fast] Error 2



