Determining if the pthread_create exist failed with the following output:
Change Dir: /home/lavleshm/Simulator-MapleSat/build/CMakeFiles/CMakeTmp

Run Build Command:"/usr/bin/make" "cmTC_bb23f/fast"
/usr/bin/make -f CMakeFiles/cmTC_bb23f.dir/build.make CMakeFiles/cmTC_bb23f.dir/build
make[1]: Entering directory '/home/lavleshm/Simulator-MapleSat/build/CMakeFiles/CMakeTmp'
Building C object CMakeFiles/cmTC_bb23f.dir/CheckSymbolExists.c.o
/usr/bin/cc    -o CMakeFiles/cmTC_bb23f.dir/CheckSymbolExists.c.o   -c /home/lavleshm/Simulator-MapleSat/build/CMakeFiles/CMakeTmp/CheckSymbolExists.c
Linking C executable cmTC_bb23f
/usr/bin/cmake -E cmake_link_script CMakeFiles/cmTC_bb23f.dir/link.txt --verbose=1
/usr/bin/cc      -rdynamic CMakeFiles/cmTC_bb23f.dir/CheckSymbolExists.c.o  -o cmTC_bb23f 
/usr/bin/ld: CMakeFiles/cmTC_bb23f.dir/CheckSymbolExists.c.o: in function `main':
CheckSymbolExists.c:(.text+0x1f): undefined reference to `pthread_create'
collect2: error: ld returned 1 exit status
make[1]: *** [CMakeFiles/cmTC_bb23f.dir/build.make:87: cmTC_bb23f] Error 1
make[1]: Leaving directory '/home/lavleshm/Simulator-MapleSat/build/CMakeFiles/CMakeTmp'
make: *** [Makefile:121: cmTC_bb23f/fast] Error 2

File /home/lavleshm/Simulator-MapleSat/build/CMakeFiles/CMakeTmp/CheckSymbolExists.c:
/* */
#include <pthread.h>

int main(int argc, char** argv)
{
  (void)argv;
#ifndef pthread_create
  return ((int*)(&pthread_create))[argc];
#else
  (void)argc;
  return 0;
#endif
}

Determining if the function pthread_create exists in the pthreads failed with the following output:
Change Dir: /home/lavleshm/Simulator-MapleSat/build/CMakeFiles/CMakeTmp

Run Build Command:"/usr/bin/make" "cmTC_1a67d/fast"
/usr/bin/make -f CMakeFiles/cmTC_1a67d.dir/build.make CMakeFiles/cmTC_1a67d.dir/build
make[1]: Entering directory '/home/lavleshm/Simulator-MapleSat/build/CMakeFiles/CMakeTmp'
Building C object CMakeFiles/cmTC_1a67d.dir/CheckFunctionExists.c.o
/usr/bin/cc   -DCHECK_FUNCTION_EXISTS=pthread_create   -o CMakeFiles/cmTC_1a67d.dir/CheckFunctionExists.c.o   -c /usr/share/cmake-3.13/Modules/CheckFunctionExists.c
Linking C executable cmTC_1a67d
/usr/bin/cmake -E cmake_link_script CMakeFiles/cmTC_1a67d.dir/link.txt --verbose=1
/usr/bin/cc  -DCHECK_FUNCTION_EXISTS=pthread_create    -rdynamic CMakeFiles/cmTC_1a67d.dir/CheckFunctionExists.c.o  -o cmTC_1a67d -lpthreads 
/usr/bin/ld: cannot find -lpthreads
collect2: error: ld returned 1 exit status
make[1]: *** [CMakeFiles/cmTC_1a67d.dir/build.make:87: cmTC_1a67d] Error 1
make[1]: Leaving directory '/home/lavleshm/Simulator-MapleSat/build/CMakeFiles/CMakeTmp'
make: *** [Makefile:121: cmTC_1a67d/fast] Error 2


Determining if the pthread_create exist failed with the following output:
Change Dir: /home/lavleshm/Simulator-MapleSat/build/CMakeFiles/CMakeTmp

Run Build Command:"/usr/bin/make" "cmTC_6ec97/fast"
/usr/bin/make -f CMakeFiles/cmTC_6ec97.dir/build.make CMakeFiles/cmTC_6ec97.dir/build
make[1]: Entering directory '/home/lavleshm/Simulator-MapleSat/build/CMakeFiles/CMakeTmp'
Building C object CMakeFiles/cmTC_6ec97.dir/CheckSymbolExists.c.o
/usr/bin/cc    -o CMakeFiles/cmTC_6ec97.dir/CheckSymbolExists.c.o   -c /home/lavleshm/Simulator-MapleSat/build/CMakeFiles/CMakeTmp/CheckSymbolExists.c
Linking C executable cmTC_6ec97
/usr/bin/cmake -E cmake_link_script CMakeFiles/cmTC_6ec97.dir/link.txt --verbose=1
/usr/bin/cc      -rdynamic CMakeFiles/cmTC_6ec97.dir/CheckSymbolExists.c.o  -o cmTC_6ec97 
/usr/bin/ld: CMakeFiles/cmTC_6ec97.dir/CheckSymbolExists.c.o: in function `main':
CheckSymbolExists.c:(.text+0x1f): undefined reference to `pthread_create'
collect2: error: ld returned 1 exit status
make[1]: *** [CMakeFiles/cmTC_6ec97.dir/build.make:87: cmTC_6ec97] Error 1
make[1]: Leaving directory '/home/lavleshm/Simulator-MapleSat/build/CMakeFiles/CMakeTmp'
make: *** [Makefile:121: cmTC_6ec97/fast] Error 2

File /home/lavleshm/Simulator-MapleSat/build/CMakeFiles/CMakeTmp/CheckSymbolExists.c:
/* */
#include <pthread.h>

int main(int argc, char** argv)
{
  (void)argv;
#ifndef pthread_create
  return ((int*)(&pthread_create))[argc];
#else
  (void)argc;
  return 0;
#endif
}

Determining if the function pthread_create exists in the pthreads failed with the following output:
Change Dir: /home/lavleshm/Simulator-MapleSat/build/CMakeFiles/CMakeTmp

Run Build Command:"/usr/bin/make" "cmTC_dbc4e/fast"
/usr/bin/make -f CMakeFiles/cmTC_dbc4e.dir/build.make CMakeFiles/cmTC_dbc4e.dir/build
make[1]: Entering directory '/home/lavleshm/Simulator-MapleSat/build/CMakeFiles/CMakeTmp'
Building C object CMakeFiles/cmTC_dbc4e.dir/CheckFunctionExists.c.o
/usr/bin/cc   -DCHECK_FUNCTION_EXISTS=pthread_create   -o CMakeFiles/cmTC_dbc4e.dir/CheckFunctionExists.c.o   -c /usr/share/cmake-3.13/Modules/CheckFunctionExists.c
Linking C executable cmTC_dbc4e
/usr/bin/cmake -E cmake_link_script CMakeFiles/cmTC_dbc4e.dir/link.txt --verbose=1
/usr/bin/cc  -DCHECK_FUNCTION_EXISTS=pthread_create    -rdynamic CMakeFiles/cmTC_dbc4e.dir/CheckFunctionExists.c.o  -o cmTC_dbc4e -lpthreads 
/usr/bin/ld: cannot find -lpthreads
collect2: error: ld returned 1 exit status
make[1]: *** [CMakeFiles/cmTC_dbc4e.dir/build.make:87: cmTC_dbc4e] Error 1
make[1]: Leaving directory '/home/lavleshm/Simulator-MapleSat/build/CMakeFiles/CMakeTmp'
make: *** [Makefile:121: cmTC_dbc4e/fast] Error 2


